Build started 30.08.2015 21:56:37.
     1>Project "C:\Wolke\Development\Projects\Gameconsole\Vstudio\Gameconsole.vcxproj" on node 2 (Rebuild target(s)).
     1>PreBuildEvent:
         XCOPY "C:\Wolke\Development\Projects\Gameconsole\Vstudio\\..\res\*" "C:\Wolke\Development\Projects\Gameconsole\Vstudio\\res\*" /D /I
         XCOPY "C:\Wolke\Development\Projects\Gameconsole\Vstudio\\..\res\*" "C:\Wolke\Development\Projects\Gameconsole\Vstudio\Debug\res\" /D /I
         :VCEnd
         0 File(s) copied
         0 File(s) copied
       ClCompile:
         C:\Program Files (x86)\Microsoft Visual Studio 12.0\VC\bin\CL.exe /c /ZI /nologo /W3 /WX- /Od /Oy- /D WIN32 /D _DEBUG /D _CONSOLE /D _LIB /D _UNICODE /D UNICODE /Gm /EHsc /RTC1 /MDd /GS /fp:precise /Zc:wchar_t /Zc:forScope /Fo"Debug\\" /Fd"Debug\vc120.pdb" /Gd /TP /analyze- /errorReport:prompt ..\main.cpp ..\src\Engine.cpp ..\src\GameObject.cpp ..\src\Level1.cpp ..\src\PCinfo.cpp ..\src\Window.cpp
         Window.cpp
     1>c:\wolke\development\projects\gameconsole\src\window.cpp(138): warning C4800: 'const unsigned int' : forcing value to bool 'true' or 'false' (performance warning)
         PCinfo.cpp
     1>c:\wolke\development\projects\gameconsole\src\pcinfo.cpp(43): warning C4018: '<' : signed/unsigned mismatch
         Level1.cpp
         GameObject.cpp
     1>c:\wolke\development\projects\gameconsole\src\gameobject.cpp(346): warning C4244: '=' : conversion from 'double' to 'int', possible loss of data
     1>c:\wolke\development\projects\gameconsole\src\gameobject.cpp(347): warning C4244: '=' : conversion from 'double' to 'int', possible loss of data
     1>c:\wolke\development\projects\gameconsole\src\gameobject.cpp(348): warning C4244: '=' : conversion from 'double' to 'int', possible loss of data
     1>c:\wolke\development\projects\gameconsole\src\gameobject.cpp(349): warning C4244: '=' : conversion from 'double' to 'int', possible loss of data
         Engine.cpp
     1>c:\wolke\development\projects\gameconsole\src\engine.cpp(198): warning C4244: 'initializing' : conversion from 'double' to 'Uint32', possible loss of data
         main.cpp
         Generating Code...
       Link:
         C:\Program Files (x86)\Microsoft Visual Studio 12.0\VC\bin\link.exe /ERRORREPORT:PROMPT /OUT:"C:\Wolke\Development\Projects\Gameconsole\Vstudio\Debug\Gameconsole.exe" /INCREMENTAL /NOLOGO SDL2.lib SDL2main.lib SDL2_image.lib SDL2_ttf.lib kernel32.lib user32.lib gdi32.lib winspool.lib comdlg32.lib advapi32.lib shell32.lib ole32.lib oleaut32.lib uuid.lib odbc32.lib odbccp32.lib /MANIFEST /MANIFESTUAC:"level='asInvoker' uiAccess='false'" /manifest:embed /DEBUG /PDB:"C:\Wolke\Development\Projects\Gameconsole\Vstudio\Debug\Gameconsole.pdb" /SUBSYSTEM:CONSOLE /TLBID:1 /DYNAMICBASE /NXCOMPAT /IMPLIB:"C:\Wolke\Development\Projects\Gameconsole\Vstudio\Debug\Gameconsole.lib" /MACHINE:X86 Debug\main.obj
         Debug\Engine.obj
         Debug\GameObject.obj
         Debug\Level1.obj
         Debug\PCinfo.obj
         Debug\Window.obj
     1>MSVCRTD.lib(cinitexe.obj) : warning LNK4098: defaultlib 'msvcrt.lib' conflicts with use of other libs; use /NODEFAULTLIB:library
         Gameconsole.vcxproj -> C:\Wolke\Development\Projects\Gameconsole\Vstudio\Debug\Gameconsole.exe
     1>Done Building Project "C:\Wolke\Development\Projects\Gameconsole\Vstudio\Gameconsole.vcxproj" (Rebuild target(s)).

Build succeeded.

Time Elapsed 00:00:03.57
