Build started 08.12.2015 22:54:09.
     1>Project "C:\dev\projects\Gameconsole\Vstudio\Gameconsole.vcxproj" on node 2 (Rebuild target(s)).
     1>ClCompile:
         C:\Program Files (x86)\Microsoft Visual Studio 14.0\VC\bin\x86_amd64\CL.exe /c /Zi /nologo /W3 /WX- /O2 /Oi /GL /D NDEBUG /D _WINDOWS /D _UNICODE /D UNICODE /Gm- /EHsc /MD /GS /Gy /fp:precise /Zc:wchar_t /Zc:forScope /Zc:inline /Fo"C:\dev\projects\Gameconsole\Vstudio\..\build\x64\Release\intermediate\\" /Fd"C:\dev\projects\Gameconsole\Vstudio\..\build\x64\Release\intermediate\vc140.pdb" /Gd /TP /errorReport:prompt ..\main.cpp ..\src\Engine.cpp ..\src\GameObject.cpp ..\src\HardwareInfo.cpp ..\src\Level1.cpp ..\src\Window.cpp ..\src\Window2.cpp
         main.cpp
         Engine.cpp
         GameObject.cpp
         HardwareInfo.cpp
         Level1.cpp
         Window.cpp
         Window2.cpp
       Link:
         C:\Program Files (x86)\Microsoft Visual Studio 14.0\VC\bin\x86_amd64\link.exe /ERRORREPORT:PROMPT /OUT:"C:\dev\projects\Gameconsole\Vstudio\..\build\x64\Release\Gameconsole.exe" /INCREMENTAL:NO /NOLOGO SDL2main.lib SDL2.lib SDL2_image.lib SDL2_ttf.lib kernel32.lib user32.lib gdi32.lib winspool.lib comdlg32.lib advapi32.lib shell32.lib ole32.lib oleaut32.lib uuid.lib odbc32.lib odbccp32.lib /MANIFEST /MANIFESTUAC:"level='asInvoker' uiAccess='false'" /manifest:embed /Debug /PDB:"C:\dev\projects\Gameconsole\Vstudio\..\build\x64\Release\Gameconsole.pdb" /SUBSYSTEM:WINDOWS /OPT:REF /OPT:ICF /LTCG:incremental /TLBID:1 /DYNAMICBASE /NXCOMPAT /IMPLIB:"C:\dev\projects\Gameconsole\Vstudio\..\build\x64\Release\Gameconsole.lib" /MACHINE:X64 C:\dev\projects\Gameconsole\Vstudio\..\build\x64\Release\intermediate\main.obj
         C:\dev\projects\Gameconsole\Vstudio\..\build\x64\Release\intermediate\Engine.obj
         C:\dev\projects\Gameconsole\Vstudio\..\build\x64\Release\intermediate\GameObject.obj
         C:\dev\projects\Gameconsole\Vstudio\..\build\x64\Release\intermediate\HardwareInfo.obj
         C:\dev\projects\Gameconsole\Vstudio\..\build\x64\Release\intermediate\Level1.obj
         C:\dev\projects\Gameconsole\Vstudio\..\build\x64\Release\intermediate\Window.obj
         C:\dev\projects\Gameconsole\Vstudio\..\build\x64\Release\intermediate\Window2.obj
         Generating code
         All 1154 functions were compiled because no usable IPDB/IOBJ from previous compilation was found.
         Finished generating code
         Gameconsole.vcxproj -> C:\dev\projects\Gameconsole\Vstudio\..\build\x64\Release\Gameconsole.exe
     1>Done Building Project "C:\dev\projects\Gameconsole\Vstudio\Gameconsole.vcxproj" (Rebuild target(s)).

Build succeeded.

Time Elapsed 00:00:04.55
