Build started 24.11.2015 19:09:20.
     1>Project "c:\Wolke\Development\Projects\Gameconsole\Vstudio\Gameconsole.vcxproj" on node 2 (Rebuild target(s)).
     1>ClCompile:
         C:\Program Files (x86)\Microsoft Visual Studio 14.0\VC\bin\x86_amd64\CL.exe /c /Zi /nologo /W3 /WX- /O2 /Oi /GL /D NDEBUG /D _WINDOWS /D _UNICODE /D UNICODE /Gm- /EHsc /MD /GS /Gy /fp:precise /Zc:wchar_t /Zc:forScope /Zc:inline /Fo"x64\Release\\" /Fd"x64\Release\vc140.pdb" /Gd /TP /errorReport:prompt ..\main.cpp ..\src\Engine.cpp ..\src\GameObject.cpp ..\src\HardwareInfo.cpp ..\src\Level1.cpp ..\src\Window.cpp ..\src\Window2.cpp
         main.cpp
         Engine.cpp
         GameObject.cpp
         HardwareInfo.cpp
         Level1.cpp
         Window.cpp
         Window2.cpp
       Link:
         C:\Program Files (x86)\Microsoft Visual Studio 14.0\VC\bin\x86_amd64\link.exe /ERRORREPORT:PROMPT /OUT:"C:\Wolke\Development\Projects\Gameconsole\Vstudio\x64\Release\Gameconsole.exe" /INCREMENTAL:NO /NOLOGO SDL2main.lib SDL2.lib SDL2_image.lib SDL2_ttf.lib kernel32.lib user32.lib gdi32.lib winspool.lib comdlg32.lib advapi32.lib shell32.lib ole32.lib oleaut32.lib uuid.lib odbc32.lib odbccp32.lib /MANIFEST /MANIFESTUAC:"level='asInvoker' uiAccess='false'" /manifest:embed /Debug /PDB:"C:\Wolke\Development\Projects\Gameconsole\Vstudio\x64\Release\Gameconsole.pdb" /SUBSYSTEM:WINDOWS /OPT:REF /OPT:ICF /LTCG:incremental /TLBID:1 /DYNAMICBASE /NXCOMPAT /IMPLIB:"C:\Wolke\Development\Projects\Gameconsole\Vstudio\x64\Release\Gameconsole.lib" /MACHINE:X64 x64\Release\main.obj
         x64\Release\Engine.obj
         x64\Release\GameObject.obj
         x64\Release\HardwareInfo.obj
         x64\Release\Level1.obj
         x64\Release\Window.obj
         x64\Release\Window2.obj
         Generating code
         All 1154 functions were compiled because no usable IPDB/IOBJ from previous compilation was found.
         Finished generating code
         Gameconsole.vcxproj -> C:\Wolke\Development\Projects\Gameconsole\Vstudio\x64\Release\Gameconsole.exe
     1>Done Building Project "c:\Wolke\Development\Projects\Gameconsole\Vstudio\Gameconsole.vcxproj" (Rebuild target(s)).

Build succeeded.

Time Elapsed 00:00:04.38
